0 silly input [ 'build' ]
1 silly flags { _: [ 'run' ],
1 silly flags   'reject-cycles': false,
1 silly flags   rejectCycles: false,
1 silly flags   script: 'build',
1 silly flags   args: [] }
2 verbose rootPath D:\repos\xapphire13.com
3 info version 2.11.0
4 silly existsSync D:\repos\xapphire13.com\VERSION
5 silly initialize attempt
6 silly initialize success
7 silly execute attempt
8 silly runScriptInDir build [] client
9 silly getExecOpts { cwd: 'D:\\repos\\xapphire13.com\\packages\\client' }
10 silly runScriptInDir build [] server
11 silly getExecOpts { cwd: 'D:\\repos\\xapphire13.com\\packages\\server' }
12 error build Errored while running script in 'xapphire13-server'
13 error execute callback with error
14 error Error: Command failed: npm run build
14 error npm ERR! code ELIFECYCLE
14 error npm ERR! errno 2
14 error npm ERR! xapphire13-server@1.0.0 build: `tsc && npm run copy-sql`
14 error npm ERR! Exit status 2
14 error npm ERR!
14 error npm ERR! Failed at the xapphire13-server@1.0.0 build script.
14 error npm ERR! This is probably not a problem with npm. There is likely additional logging output above.
14 error
14 error npm ERR! A complete log of this run can be found in:
14 error npm ERR!     C:\Users\xapph\AppData\Roaming\npm-cache\_logs\2018-05-22T08_02_21_804Z-debug.log
14 error
14 error > xapphire13-server@1.0.0 build D:\repos\xapphire13.com\packages\server
14 error > tsc && npm run copy-sql
14 error
14 error src/controllers/auth-controller.ts(6,20): error TS2307: Cannot find module '../models/user'.
14 error src/controllers/auth-controller.ts(75,103): error TS7006: Parameter 'err' implicitly has an 'any' type.
14 error src/controllers/auth-controller.ts(75,108): error TS7006: Parameter 'valid' implicitly has an 'any' type.
14 error src/controllers/log-controller.ts(2,28): error TS2305: Module '"D:/repos/xapphire13.com/packages/server/src/pagination"' has no exported member 'Page'.
14 error src/controllers/log-controller.ts(3,19): error TS2307: Cannot find module '../models/log'.
14 error src/controllers/playground-controller.ts(2,26): error TS2307: Cannot find module '../models/experiment'.
14 error src/controllers/post-controller.ts(3,28): error TS2305: Module '"D:/repos/xapphire13.com/packages/server/src/pagination"' has no exported member 'Page'.
14 error src/controllers/post-controller.ts(4,34): error TS2307: Cannot find module '../models/post'.
14 error src/pagination.ts(44,168): error TS2304: Cannot find name 'Page'.
14 error src/pagination.ts(47,78): error TS2304: Cannot find name 'Page'.
14 error src/repositories/log-repository.ts(1,19): error TS2307: Cannot find module '../models/log'.
14 error src/repositories/post-repository.ts(1,20): error TS2307: Cannot find module '../models/post'.
14 error src/repositories/sql-log-repository.ts(2,19): error TS2307: Cannot find module '../models/log'.
14 error src/repositories/sql-post-repository.ts(2,20): error TS2307: Cannot find module '../models/post'.
14 error src/repositories/sql-post-repository.ts(17,43): error TS7006: Parameter 'tag' implicitly has an 'any' type.
14 error src/repositories/sql-post-repository.ts(88,58): error TS7006: Parameter 'tag' implicitly has an 'any' type.
14 error src/repositories/sql-user-repository.ts(2,20): error TS2307: Cannot find module '../models/user'.
14 error src/repositories/user-repository.ts(1,20): error TS2307: Cannot find module '../models/user'.
14 error
14 error     at Promise.all.then.arr (C:\Users\xapph\AppData\Roaming\npm\node_modules\lerna\node_modules\execa\index.js:236:11)
14 error     at <anonymous>
